2018-08-30 18:04:04,050 CRIT Supervisor running as root (no user in config file)
2018-08-30 18:04:04,050 INFO Included extra file "/etc/supervisor/conf.d/supervisord.conf" during parsing
2018-08-30 18:04:04,073 INFO RPC interface 'supervisor' initialized
2018-08-30 18:04:04,074 CRIT Server 'unix_http_server' running without any HTTP authentication checking
2018-08-30 18:04:04,074 INFO supervisord started with pid 1
2018-08-30 18:04:05,078 INFO spawned: 'varnishd' with pid 15
2018-08-30 18:04:05,082 INFO spawned: 'php-fpm' with pid 16
2018-08-30 18:04:05,094 INFO spawned: 'varnish-plugins-watcher' with pid 17
2018-08-30 18:04:05,354 INFO spawned: 'nginx' with pid 18
2018-08-30 18:04:05,364 INFO spawned: 'MailHog' with pid 21
2018-08-30 18:04:05,398 INFO spawned: 'mysql' with pid 24
2018-08-30 18:04:05,415 INFO spawned: 'varnish-themes-watcher' with pid 25
2018-08-30 18:04:06,103 INFO success: varnishd entered RUNNING state, process has stayed up for > than 1 seconds (startsecs)
2018-08-30 18:04:06,103 INFO success: php-fpm entered RUNNING state, process has stayed up for > than 1 seconds (startsecs)
2018-08-30 18:04:06,104 INFO success: varnish-plugins-watcher entered RUNNING state, process has stayed up for > than 1 seconds (startsecs)
2018-08-30 18:04:06,104 INFO success: nginx entered RUNNING state, process has stayed up for > than 1 seconds (startsecs)
2018-08-30 18:04:07,109 INFO success: MailHog entered RUNNING state, process has stayed up for > than 1 seconds (startsecs)
2018-08-30 18:04:07,109 INFO success: mysql entered RUNNING state, process has stayed up for > than 1 seconds (startsecs)
2018-08-30 18:04:07,109 INFO success: varnish-themes-watcher entered RUNNING state, process has stayed up for > than 1 seconds (startsecs)
2018-08-30 18:07:11,972 WARN received SIGTERM indicating exit request
2018-08-30 18:07:11,973 INFO waiting for varnishd, php-fpm, varnish-plugins-watcher, nginx, MailHog, mysql, varnish-themes-watcher to die
2018-08-30 18:07:11,973 INFO stopped: varnish-themes-watcher (terminated by SIGTERM)
2018-08-30 18:07:12,004 INFO stopped: mysql (exit status 0)
2018-08-30 18:07:12,005 INFO stopped: MailHog (terminated by SIGTERM)
2018-08-30 18:07:12,009 INFO stopped: nginx (exit status 0)
2018-08-30 18:07:13,010 INFO stopped: varnish-plugins-watcher (terminated by SIGTERM)
2018-08-30 18:07:13,021 INFO stopped: php-fpm (exit status 0)
2018-08-30 18:07:13,725 INFO reaped unknown pid 30
2018-08-30 18:07:14,171 INFO stopped: varnishd (exit status 0)
2018-08-30 18:07:36,206 CRIT Supervisor running as root (no user in config file)
2018-08-30 18:07:36,207 INFO Included extra file "/etc/supervisor/conf.d/supervisord.conf" during parsing
2018-08-30 18:07:36,248 INFO RPC interface 'supervisor' initialized
2018-08-30 18:07:36,252 CRIT Server 'unix_http_server' running without any HTTP authentication checking
2018-08-30 18:07:36,252 INFO supervisord started with pid 1
2018-08-30 18:07:37,257 INFO spawned: 'varnishd' with pid 50
2018-08-30 18:07:37,261 INFO spawned: 'php-fpm' with pid 51
2018-08-30 18:07:37,264 INFO spawned: 'varnish-plugins-watcher' with pid 52
2018-08-30 18:07:37,267 INFO spawned: 'nginx' with pid 53
2018-08-30 18:07:37,277 INFO spawned: 'MailHog' with pid 54
2018-08-30 18:07:37,290 INFO spawned: 'mysql' with pid 57
2018-08-30 18:07:37,308 INFO spawned: 'varnish-themes-watcher' with pid 58
2018-08-30 18:07:38,735 INFO success: varnishd entered RUNNING state, process has stayed up for > than 1 seconds (startsecs)
2018-08-30 18:07:38,735 INFO success: php-fpm entered RUNNING state, process has stayed up for > than 1 seconds (startsecs)
2018-08-30 18:07:38,735 INFO success: varnish-plugins-watcher entered RUNNING state, process has stayed up for > than 1 seconds (startsecs)
2018-08-30 18:07:38,735 INFO success: nginx entered RUNNING state, process has stayed up for > than 1 seconds (startsecs)
2018-08-30 18:07:38,735 INFO success: MailHog entered RUNNING state, process has stayed up for > than 1 seconds (startsecs)
2018-08-30 18:07:38,735 INFO success: mysql entered RUNNING state, process has stayed up for > than 1 seconds (startsecs)
2018-08-30 18:07:38,736 INFO success: varnish-themes-watcher entered RUNNING state, process has stayed up for > than 1 seconds (startsecs)
2018-09-04 02:06:31,857 WARN received SIGTERM indicating exit request
2018-09-04 02:06:31,868 INFO waiting for varnishd, php-fpm, varnish-plugins-watcher, nginx, MailHog, mysql, varnish-themes-watcher to die
2018-09-04 02:06:32,198 INFO stopped: varnish-themes-watcher (terminated by SIGTERM)
2018-09-04 02:06:32,200 INFO reaped unknown pid 15574
2018-09-04 02:06:32,448 INFO stopped: mysql (exit status 0)
2018-09-04 02:06:32,450 INFO stopped: MailHog (terminated by SIGTERM)
2018-09-04 02:06:33,481 INFO stopped: nginx (exit status 0)
2018-09-04 02:06:33,797 INFO stopped: varnish-plugins-watcher (terminated by SIGTERM)
2018-09-04 02:06:33,798 INFO reaped unknown pid 68
2018-09-04 02:06:33,863 INFO stopped: php-fpm (exit status 0)
2018-09-04 02:06:34,870 INFO waiting for varnishd to die
2018-09-04 02:06:35,074 INFO stopped: varnishd (exit status 0)
2018-09-04 21:59:53,134 CRIT Supervisor running as root (no user in config file)
2018-09-04 21:59:53,135 INFO Included extra file "/etc/supervisor/conf.d/supervisord.conf" during parsing
2018-09-04 21:59:53,369 INFO RPC interface 'supervisor' initialized
2018-09-04 21:59:53,377 CRIT Server 'unix_http_server' running without any HTTP authentication checking
2018-09-04 21:59:53,393 INFO supervisord started with pid 1
2018-09-04 21:59:54,404 INFO spawned: 'varnishd' with pid 56
2018-09-04 21:59:54,453 INFO spawned: 'php-fpm' with pid 57
2018-09-04 21:59:54,494 INFO spawned: 'varnish-plugins-watcher' with pid 58
2018-09-04 21:59:54,615 INFO spawned: 'nginx' with pid 59
2018-09-04 21:59:54,685 INFO spawned: 'MailHog' with pid 60
2018-09-04 21:59:54,785 INFO spawned: 'mysql' with pid 61
2018-09-04 21:59:54,900 INFO spawned: 'varnish-themes-watcher' with pid 67
2018-09-04 21:59:56,014 INFO success: varnishd entered RUNNING state, process has stayed up for > than 1 seconds (startsecs)
2018-09-04 21:59:56,017 INFO success: php-fpm entered RUNNING state, process has stayed up for > than 1 seconds (startsecs)
2018-09-04 21:59:56,019 INFO success: varnish-plugins-watcher entered RUNNING state, process has stayed up for > than 1 seconds (startsecs)
2018-09-04 21:59:56,021 INFO success: nginx entered RUNNING state, process has stayed up for > than 1 seconds (startsecs)
2018-09-04 21:59:56,023 INFO success: MailHog entered RUNNING state, process has stayed up for > than 1 seconds (startsecs)
2018-09-04 21:59:56,081 INFO success: mysql entered RUNNING state, process has stayed up for > than 1 seconds (startsecs)
2018-09-04 21:59:56,087 INFO success: varnish-themes-watcher entered RUNNING state, process has stayed up for > than 1 seconds (startsecs)
2018-09-04 22:00:19,775 WARN received SIGTERM indicating exit request
2018-09-04 22:00:19,777 INFO waiting for varnishd, php-fpm, varnish-plugins-watcher, nginx, MailHog, mysql, varnish-themes-watcher to die
2018-09-04 22:00:20,248 INFO stopped: varnish-themes-watcher (terminated by SIGTERM)
2018-09-04 22:00:20,249 INFO reaped unknown pid 355
2018-09-04 22:00:20,330 INFO stopped: mysql (exit status 0)
2018-09-04 22:00:20,335 INFO stopped: MailHog (terminated by SIGTERM)
2018-09-04 22:00:20,341 INFO stopped: nginx (exit status 0)
2018-09-04 22:00:21,344 INFO stopped: varnish-plugins-watcher (terminated by SIGTERM)
2018-09-04 22:00:21,419 INFO stopped: php-fpm (exit status 0)
2018-09-04 22:00:22,491 INFO reaped unknown pid 82
2018-09-04 22:00:23,276 INFO waiting for varnishd to die
2018-09-04 22:00:23,302 INFO stopped: varnishd (exit status 0)
2018-09-04 22:01:38,280 CRIT Supervisor running as root (no user in config file)
2018-09-04 22:01:38,280 INFO Included extra file "/etc/supervisor/conf.d/supervisord.conf" during parsing
2018-09-04 22:01:38,366 INFO RPC interface 'supervisor' initialized
2018-09-04 22:01:38,383 CRIT Server 'unix_http_server' running without any HTTP authentication checking
2018-09-04 22:01:38,384 INFO supervisord started with pid 1
2018-09-04 22:01:39,391 INFO spawned: 'varnishd' with pid 50
2018-09-04 22:01:39,405 INFO spawned: 'php-fpm' with pid 51
2018-09-04 22:01:39,435 INFO spawned: 'varnish-plugins-watcher' with pid 52
2018-09-04 22:01:39,452 INFO spawned: 'nginx' with pid 53
2018-09-04 22:01:39,509 INFO spawned: 'MailHog' with pid 54
2018-09-04 22:01:39,562 INFO spawned: 'mysql' with pid 55
2018-09-04 22:01:39,631 INFO spawned: 'varnish-themes-watcher' with pid 56
2018-09-04 22:01:41,081 INFO success: varnishd entered RUNNING state, process has stayed up for > than 1 seconds (startsecs)
2018-09-04 22:01:41,083 INFO success: php-fpm entered RUNNING state, process has stayed up for > than 1 seconds (startsecs)
2018-09-04 22:01:41,083 INFO success: varnish-plugins-watcher entered RUNNING state, process has stayed up for > than 1 seconds (startsecs)
2018-09-04 22:01:41,084 INFO success: nginx entered RUNNING state, process has stayed up for > than 1 seconds (startsecs)
2018-09-04 22:01:41,087 INFO success: MailHog entered RUNNING state, process has stayed up for > than 1 seconds (startsecs)
2018-09-04 22:01:41,087 INFO success: mysql entered RUNNING state, process has stayed up for > than 1 seconds (startsecs)
2018-09-04 22:01:41,088 INFO success: varnish-themes-watcher entered RUNNING state, process has stayed up for > than 1 seconds (startsecs)
2018-09-04 22:02:00,462 INFO exited: varnishd (exit status 0; expected)
2018-09-04 22:02:01,471 INFO spawned: 'varnishd' with pid 368
2018-09-04 22:02:02,474 INFO success: varnishd entered RUNNING state, process has stayed up for > than 1 seconds (startsecs)
2018-09-04 22:02:04,905 INFO exited: varnish-plugins-watcher (terminated by SIGTERM; not expected)
2018-09-04 22:02:04,910 INFO spawned: 'varnish-plugins-watcher' with pid 380
2018-09-04 22:02:04,913 INFO reaped unknown pid 350
2018-09-04 22:02:04,943 INFO exited: varnish-themes-watcher (terminated by SIGTERM; not expected)
2018-09-04 22:02:04,948 INFO spawned: 'varnish-themes-watcher' with pid 383
2018-09-04 22:02:06,172 INFO success: varnish-plugins-watcher entered RUNNING state, process has stayed up for > than 1 seconds (startsecs)
2018-09-04 22:02:06,172 INFO success: varnish-themes-watcher entered RUNNING state, process has stayed up for > than 1 seconds (startsecs)
2018-09-06 14:05:19,633 CRIT Supervisor running as root (no user in config file)
2018-09-06 14:05:19,633 INFO Included extra file "/etc/supervisor/conf.d/supervisord.conf" during parsing
2018-09-06 14:05:19,964 INFO RPC interface 'supervisor' initialized
2018-09-06 14:05:19,964 CRIT Server 'unix_http_server' running without any HTTP authentication checking
2018-09-06 14:05:19,965 INFO supervisord started with pid 1
2018-09-06 14:05:20,968 INFO spawned: 'varnishd' with pid 33
2018-09-06 14:05:20,973 INFO spawned: 'php-fpm' with pid 34
2018-09-06 14:05:20,975 INFO spawned: 'varnish-plugins-watcher' with pid 35
2018-09-06 14:05:20,979 INFO spawned: 'nginx' with pid 36
2018-09-06 14:05:20,984 INFO spawned: 'MailHog' with pid 37
2018-09-06 14:05:20,995 INFO spawned: 'mysql' with pid 38
2018-09-06 14:05:21,000 INFO spawned: 'varnish-themes-watcher' with pid 39
2018-09-06 14:05:22,454 INFO success: varnishd entered RUNNING state, process has stayed up for > than 1 seconds (startsecs)
2018-09-06 14:05:22,455 INFO success: php-fpm entered RUNNING state, process has stayed up for > than 1 seconds (startsecs)
2018-09-06 14:05:22,455 INFO success: varnish-plugins-watcher entered RUNNING state, process has stayed up for > than 1 seconds (startsecs)
2018-09-06 14:05:22,455 INFO success: nginx entered RUNNING state, process has stayed up for > than 1 seconds (startsecs)
2018-09-06 14:05:22,455 INFO success: MailHog entered RUNNING state, process has stayed up for > than 1 seconds (startsecs)
2018-09-06 14:05:22,455 INFO success: mysql entered RUNNING state, process has stayed up for > than 1 seconds (startsecs)
2018-09-06 14:05:22,455 INFO success: varnish-themes-watcher entered RUNNING state, process has stayed up for > than 1 seconds (startsecs)
2018-09-07 17:44:33,787 WARN received SIGTERM indicating exit request
2018-09-07 17:44:33,788 INFO waiting for varnishd, php-fpm, varnish-plugins-watcher, nginx, MailHog, mysql, varnish-themes-watcher to die
2018-09-07 17:44:33,788 INFO stopped: varnish-themes-watcher (terminated by SIGTERM)
2018-09-07 17:44:33,804 INFO stopped: mysql (exit status 0)
2018-09-07 17:44:33,808 INFO stopped: MailHog (terminated by SIGTERM)
2018-09-07 17:44:33,812 INFO stopped: nginx (exit status 0)
2018-09-07 17:44:34,815 INFO stopped: varnish-plugins-watcher (terminated by SIGTERM)
2018-09-07 17:44:34,825 INFO stopped: php-fpm (exit status 0)
2018-09-07 17:44:35,074 INFO reaped unknown pid 53
2018-09-07 17:44:35,918 INFO stopped: varnishd (exit status 0)
2018-09-09 22:21:22,313 CRIT Supervisor running as root (no user in config file)
2018-09-09 22:21:22,313 INFO Included extra file "/etc/supervisor/conf.d/supervisord.conf" during parsing
2018-09-09 22:21:22,335 INFO RPC interface 'supervisor' initialized
2018-09-09 22:21:22,336 CRIT Server 'unix_http_server' running without any HTTP authentication checking
2018-09-09 22:21:22,336 INFO supervisord started with pid 1
2018-09-09 22:21:23,339 INFO spawned: 'varnishd' with pid 33
2018-09-09 22:21:23,342 INFO spawned: 'php-fpm' with pid 34
2018-09-09 22:21:23,344 INFO spawned: 'varnish-plugins-watcher' with pid 35
2018-09-09 22:21:23,348 INFO spawned: 'nginx' with pid 36
2018-09-09 22:21:23,358 INFO spawned: 'MailHog' with pid 37
2018-09-09 22:21:23,379 INFO spawned: 'mysql' with pid 40
2018-09-09 22:21:23,381 INFO spawned: 'varnish-themes-watcher' with pid 41
2018-09-09 22:21:24,741 INFO success: varnishd entered RUNNING state, process has stayed up for > than 1 seconds (startsecs)
2018-09-09 22:21:24,741 INFO success: php-fpm entered RUNNING state, process has stayed up for > than 1 seconds (startsecs)
2018-09-09 22:21:24,742 INFO success: varnish-plugins-watcher entered RUNNING state, process has stayed up for > than 1 seconds (startsecs)
2018-09-09 22:21:24,742 INFO success: nginx entered RUNNING state, process has stayed up for > than 1 seconds (startsecs)
2018-09-09 22:21:24,742 INFO success: MailHog entered RUNNING state, process has stayed up for > than 1 seconds (startsecs)
2018-09-09 22:21:24,742 INFO success: mysql entered RUNNING state, process has stayed up for > than 1 seconds (startsecs)
2018-09-09 22:21:24,743 INFO success: varnish-themes-watcher entered RUNNING state, process has stayed up for > than 1 seconds (startsecs)
2018-09-11 02:47:15,415 WARN received SIGTERM indicating exit request
2018-09-11 02:47:15,417 INFO waiting for varnishd, php-fpm, varnish-plugins-watcher, nginx, MailHog, mysql, varnish-themes-watcher to die
2018-09-11 02:47:16,419 INFO stopped: varnish-themes-watcher (terminated by SIGTERM)
2018-09-11 02:47:16,434 INFO stopped: mysql (exit status 0)
2018-09-11 02:47:16,435 INFO stopped: MailHog (terminated by SIGTERM)
2018-09-11 02:47:16,437 INFO stopped: nginx (exit status 0)
2018-09-11 02:47:17,439 INFO stopped: varnish-plugins-watcher (terminated by SIGTERM)
2018-09-11 02:47:17,452 INFO stopped: php-fpm (exit status 0)
2018-09-11 02:47:18,193 INFO reaped unknown pid 51
2018-09-11 02:47:18,461 INFO waiting for varnishd to die
2018-09-11 02:47:18,568 INFO stopped: varnishd (exit status 0)
2018-09-11 14:15:17,291 CRIT Supervisor running as root (no user in config file)
2018-09-11 14:15:17,291 INFO Included extra file "/etc/supervisor/conf.d/supervisord.conf" during parsing
2018-09-11 14:15:17,314 INFO RPC interface 'supervisor' initialized
2018-09-11 14:15:17,314 CRIT Server 'unix_http_server' running without any HTTP authentication checking
2018-09-11 14:15:17,315 INFO supervisord started with pid 1
2018-09-11 14:15:18,320 INFO spawned: 'varnishd' with pid 34
2018-09-11 14:15:18,323 INFO spawned: 'php-fpm' with pid 35
2018-09-11 14:15:18,325 INFO spawned: 'varnish-plugins-watcher' with pid 36
2018-09-11 14:15:18,330 INFO spawned: 'nginx' with pid 37
2018-09-11 14:15:18,338 INFO spawned: 'MailHog' with pid 38
2018-09-11 14:15:18,361 INFO spawned: 'mysql' with pid 41
2018-09-11 14:15:18,366 INFO spawned: 'varnish-themes-watcher' with pid 42
2018-09-11 14:15:19,776 INFO success: varnishd entered RUNNING state, process has stayed up for > than 1 seconds (startsecs)
2018-09-11 14:15:19,777 INFO success: php-fpm entered RUNNING state, process has stayed up for > than 1 seconds (startsecs)
2018-09-11 14:15:19,777 INFO success: varnish-plugins-watcher entered RUNNING state, process has stayed up for > than 1 seconds (startsecs)
2018-09-11 14:15:19,777 INFO success: nginx entered RUNNING state, process has stayed up for > than 1 seconds (startsecs)
2018-09-11 14:15:19,777 INFO success: MailHog entered RUNNING state, process has stayed up for > than 1 seconds (startsecs)
2018-09-11 14:15:19,777 INFO success: mysql entered RUNNING state, process has stayed up for > than 1 seconds (startsecs)
2018-09-11 14:15:19,778 INFO success: varnish-themes-watcher entered RUNNING state, process has stayed up for > than 1 seconds (startsecs)
2018-09-12 19:59:14,620 WARN received SIGTERM indicating exit request
2018-09-12 19:59:14,621 INFO waiting for varnishd, php-fpm, varnish-plugins-watcher, nginx, MailHog, mysql, varnish-themes-watcher to die
2018-09-12 19:59:14,621 INFO stopped: varnish-themes-watcher (terminated by SIGTERM)
2018-09-12 19:59:14,638 INFO stopped: mysql (exit status 0)
2018-09-12 19:59:14,641 INFO stopped: MailHog (terminated by SIGTERM)
2018-09-12 19:59:14,644 INFO stopped: nginx (exit status 0)
2018-09-12 19:59:15,323 INFO stopped: varnish-plugins-watcher (terminated by SIGTERM)
2018-09-12 19:59:15,324 INFO reaped unknown pid 20966
2018-09-12 19:59:15,324 INFO reaped unknown pid 20967
2018-09-12 19:59:15,337 INFO stopped: php-fpm (exit status 0)
2018-09-12 19:59:16,103 INFO reaped unknown pid 53
2018-09-12 19:59:16,441 INFO stopped: varnishd (exit status 0)
2018-09-12 20:03:49,190 CRIT Supervisor running as root (no user in config file)
2018-09-12 20:03:49,191 INFO Included extra file "/etc/supervisor/conf.d/supervisord.conf" during parsing
2018-09-12 20:03:49,210 INFO RPC interface 'supervisor' initialized
2018-09-12 20:03:49,210 CRIT Server 'unix_http_server' running without any HTTP authentication checking
2018-09-12 20:03:49,210 INFO supervisord started with pid 1
2018-09-12 20:03:50,214 INFO spawned: 'varnishd' with pid 34
2018-09-12 20:03:50,217 INFO spawned: 'php-fpm' with pid 35
2018-09-12 20:03:50,219 INFO spawned: 'varnish-plugins-watcher' with pid 36
2018-09-12 20:03:50,222 INFO spawned: 'nginx' with pid 37
2018-09-12 20:03:50,227 INFO spawned: 'MailHog' with pid 38
2018-09-12 20:03:50,241 INFO spawned: 'mysql' with pid 39
2018-09-12 20:03:50,251 INFO spawned: 'varnish-themes-watcher' with pid 40
2018-09-12 20:03:51,703 INFO success: varnishd entered RUNNING state, process has stayed up for > than 1 seconds (startsecs)
2018-09-12 20:03:51,703 INFO success: php-fpm entered RUNNING state, process has stayed up for > than 1 seconds (startsecs)
2018-09-12 20:03:51,703 INFO success: varnish-plugins-watcher entered RUNNING state, process has stayed up for > than 1 seconds (startsecs)
2018-09-12 20:03:51,703 INFO success: nginx entered RUNNING state, process has stayed up for > than 1 seconds (startsecs)
2018-09-12 20:03:51,703 INFO success: MailHog entered RUNNING state, process has stayed up for > than 1 seconds (startsecs)
2018-09-12 20:03:51,703 INFO success: mysql entered RUNNING state, process has stayed up for > than 1 seconds (startsecs)
2018-09-12 20:03:51,703 INFO success: varnish-themes-watcher entered RUNNING state, process has stayed up for > than 1 seconds (startsecs)
