[30-Aug-2018 18:04:18 UTC] PHP Fatal error:  Uncaught Error: Class 'WP_CLI\SynopsisValidator' not found in phar:///usr/local/bin/wp/php/WP_CLI/Dispatcher/Subcommand.php:254
Stack trace:
#0 phar:///usr/local/bin/wp/php/WP_CLI/Dispatcher/Subcommand.php(386): WP_CLI\Dispatcher\Subcommand->validate_args(Array, Array, Array)
#1 phar:///usr/local/bin/wp/php/WP_CLI/Runner.php(323): WP_CLI\Dispatcher\Subcommand->invoke(Array, Array, Array)
#2 phar:///usr/local/bin/wp/php/WP_CLI/Runner.php(330): WP_CLI\Runner->run_command(Array, Array)
#3 phar:///usr/local/bin/wp/php/WP_CLI/Runner.php(985): WP_CLI\Runner->_run_command()
#4 phar:///usr/local/bin/wp/php/WP_CLI/Bootstrap/LaunchRunner.php(23): WP_CLI\Runner->start()
#5 phar:///usr/local/bin/wp/php/bootstrap.php(75): WP_CLI\Bootstrap\LaunchRunner->process(Object(WP_CLI\Bootstrap\BootstrapState))
#6 phar:///usr/local/bin/wp/php/wp-cli.php(23): WP_CLI\bootstrap()
#7 phar:///usr/local/bin/wp/php/boot-phar.php(8): include('phar:///usr/loc...')
#8 /usr/local/bin/wp(4): include('phar:///usr/loc...')
#9 {main}
  thrown in phar:///usr/local/bin/wp/php/WP_CLI/Dispatcher/Subcommand.php on line 254
[30-Aug-2018 18:46:18 UTC] PHP Parse error:  syntax error, unexpected '}', expecting ',' or ';' in /app/public/wp-content/themes/fictional-university-theme/index.php on line 4
[30-Aug-2018 19:08:37 UTC] PHP Parse error:  syntax error, unexpected ')' in /app/public/wp-content/themes/fictional-university-theme/index.php on line 6
[30-Aug-2018 21:25:51 UTC] PHP Parse error:  syntax error, unexpected '<', expecting end of file in /app/public/wp-content/themes/fictional-university-theme/index.php on line 5
[30-Aug-2018 21:31:08 UTC] PHP Parse error:  syntax error, unexpected 'hero' (T_STRING) in /app/public/wp-content/themes/fictional-university-theme/index.php on line 79
[30-Aug-2018 21:31:46 UTC] PHP Parse error:  syntax error, unexpected ''); ?>)">' (T_CONSTANT_ENCAPSED_STRING), expecting ',' or ')' in /app/public/wp-content/themes/fictional-university-theme/index.php on line 87
[31-Aug-2018 18:29:18 UTC] PHP Parse error:  syntax error, unexpected '}', expecting ',' or ';' in /app/public/wp-content/themes/fictional-university-theme/page.php on line 24
[31-Aug-2018 18:32:35 UTC] PHP Fatal error:  Uncaught ArgumentCountError: Too few arguments to function wp_get_post_parent_id(), 0 passed in /app/public/wp-content/themes/fictional-university-theme/page.php on line 22 and exactly 1 expected in /app/public/wp-includes/post.php:6205
Stack trace:
#0 /app/public/wp-content/themes/fictional-university-theme/page.php(22): wp_get_post_parent_id()
#1 /app/public/wp-includes/template-loader.php(74): include('/app/public/wp-...')
#2 /app/public/wp-blog-header.php(19): require_once('/app/public/wp-...')
#3 /app/public/index.php(17): require('/app/public/wp-...')
#4 {main}
  thrown in /app/public/wp-includes/post.php on line 6205
[31-Aug-2018 18:39:01 UTC] PHP Fatal error:  Uncaught ArgumentCountError: Too few arguments to function wp_get_post_parent_id(), 0 passed in /app/public/wp-content/themes/fictional-university-theme/page.php on line 24 and exactly 1 expected in /app/public/wp-includes/post.php:6205
Stack trace:
#0 /app/public/wp-content/themes/fictional-university-theme/page.php(24): wp_get_post_parent_id()
#1 /app/public/wp-includes/template-loader.php(74): include('/app/public/wp-...')
#2 /app/public/wp-blog-header.php(19): require_once('/app/public/wp-...')
#3 /app/public/index.php(17): require('/app/public/wp-...')
#4 {main}
  thrown in /app/public/wp-includes/post.php on line 6205
[31-Aug-2018 19:29:08 UTC] PHP Fatal error:  Uncaught Error: Call to undefined function get_theID() in /app/public/wp-content/themes/fictional-university-theme/page.php:38
Stack trace:
#0 /app/public/wp-includes/template-loader.php(74): include()
#1 /app/public/wp-blog-header.php(19): require_once('/app/public/wp-...')
#2 /app/public/index.php(17): require('/app/public/wp-...')
#3 {main}
  thrown in /app/public/wp-content/themes/fictional-university-theme/page.php on line 38
[31-Aug-2018 19:29:15 UTC] PHP Fatal error:  Uncaught Error: Call to undefined function get_theID() in /app/public/wp-content/themes/fictional-university-theme/page.php:38
Stack trace:
#0 /app/public/wp-includes/template-loader.php(74): include()
#1 /app/public/wp-blog-header.php(19): require_once('/app/public/wp-...')
#2 /app/public/index.php(17): require('/app/public/wp-...')
#3 {main}
  thrown in /app/public/wp-content/themes/fictional-university-theme/page.php on line 38
[01-Sep-2018 14:41:53 UTC] PHP Parse error:  syntax error, unexpected 'Menu' (T_STRING), expecting ',' or ')' in /app/public/wp-content/themes/fictional-university-theme/functions.php on line 13
[01-Sep-2018 14:42:19 UTC] PHP Parse error:  syntax error, unexpected 'Menu' (T_STRING), expecting ',' or ')' in /app/public/wp-content/themes/fictional-university-theme/functions.php on line 13
[01-Sep-2018 15:19:06 UTC] PHP Fatal error:  Uncaught Error: Call to undefined function the_category_list() in /app/public/wp-content/themes/fictional-university-theme/index.php:23
Stack trace:
#0 /app/public/wp-includes/template-loader.php(74): include()
#1 /app/public/wp-blog-header.php(19): require_once('/app/public/wp-...')
#2 /app/public/index.php(17): require('/app/public/wp-...')
#3 {main}
  thrown in /app/public/wp-content/themes/fictional-university-theme/index.php on line 23
[01-Sep-2018 15:22:27 UTC] PHP Fatal error:  Uncaught Error: Call to undefined function pageinate_link() in /app/public/wp-content/themes/fictional-university-theme/index.php:32
Stack trace:
#0 /app/public/wp-includes/template-loader.php(74): include()
#1 /app/public/wp-blog-header.php(19): require_once('/app/public/wp-...')
#2 /app/public/index.php(17): require('/app/public/wp-...')
#3 {main}
  thrown in /app/public/wp-content/themes/fictional-university-theme/index.php on line 32
[01-Sep-2018 15:22:34 UTC] PHP Fatal error:  Uncaught Error: Call to undefined function pageinate_links() in /app/public/wp-content/themes/fictional-university-theme/index.php:32
Stack trace:
#0 /app/public/wp-includes/template-loader.php(74): include()
#1 /app/public/wp-blog-header.php(19): require_once('/app/public/wp-...')
#2 /app/public/index.php(17): require('/app/public/wp-...')
#3 {main}
  thrown in /app/public/wp-content/themes/fictional-university-theme/index.php on line 32
[01-Sep-2018 15:22:37 UTC] PHP Fatal error:  Uncaught Error: Call to undefined function pageinate_links() in /app/public/wp-content/themes/fictional-university-theme/index.php:32
Stack trace:
#0 /app/public/wp-includes/template-loader.php(74): include()
#1 /app/public/wp-blog-header.php(19): require_once('/app/public/wp-...')
#2 /app/public/index.php(17): require('/app/public/wp-...')
#3 {main}
  thrown in /app/public/wp-content/themes/fictional-university-theme/index.php on line 32
[01-Sep-2018 21:52:03 UTC] PHP Parse error:  syntax error, unexpected '}', expecting ',' or ';' in /app/public/wp-content/themes/fictional-university-theme/archive.php on line 11
[01-Sep-2018 21:53:47 UTC] PHP Parse error:  syntax error, unexpected '}' in /app/public/wp-content/themes/fictional-university-theme/archive.php on line 11
[01-Sep-2018 23:34:00 UTC] PHP Parse error:  syntax error, unexpected '/' in /app/public/wp-content/themes/fictional-university-theme/front-page.php on line 67
[01-Sep-2018 23:34:08 UTC] PHP Parse error:  syntax error, unexpected '/' in /app/public/wp-content/themes/fictional-university-theme/front-page.php on line 67
[02-Sep-2018 18:28:31 UTC] PHP Fatal error:  Uncaught Error: Call to undefined function the_exerpt() in /app/public/wp-content/themes/fictional-university-theme/front-page.php:57
Stack trace:
#0 /app/public/wp-includes/template-loader.php(74): include()
#1 /app/public/wp-blog-header.php(19): require_once('/app/public/wp-...')
#2 /app/public/index.php(17): require('/app/public/wp-...')
#3 {main}
  thrown in /app/public/wp-content/themes/fictional-university-theme/front-page.php on line 57
[02-Sep-2018 18:31:06 UTC] PHP Fatal error:  Uncaught Error: Call to undefined function wp_trim_word() in /app/public/wp-content/themes/fictional-university-theme/front-page.php:60
Stack trace:
#0 /app/public/wp-includes/template-loader.php(74): include()
#1 /app/public/wp-blog-header.php(19): require_once('/app/public/wp-...')
#2 /app/public/index.php(17): require('/app/public/wp-...')
#3 {main}
  thrown in /app/public/wp-content/themes/fictional-university-theme/front-page.php on line 60
[02-Sep-2018 18:34:26 UTC] PHP Parse error:  syntax error, unexpected '<' in /app/public/wp-content/themes/fictional-university-theme/front-page.php on line 31
[02-Sep-2018 18:34:37 UTC] PHP Parse error:  syntax error, unexpected '<' in /app/public/wp-content/themes/fictional-university-theme/front-page.php on line 31
[02-Sep-2018 19:08:58 UTC] PHP Parse error:  syntax error, unexpected '$homePageEvents' (T_VARIABLE) in /app/public/wp-content/themes/fictional-university-theme/front-page.php on line 19
[02-Sep-2018 22:38:43 UTC] PHP Fatal error:  Uncaught Error: Call to undefined function register_post_type_archive() in /app/public/wp-content/themes/fictional-university-theme/functions.php:20
Stack trace:
#0 /app/public/wp-includes/class-wp-hook.php(286): university_adjust_queries(Object(WP_Query))
#1 /app/public/wp-includes/class-wp-hook.php(310): WP_Hook->apply_filters('', Array)
#2 /app/public/wp-includes/plugin.php(515): WP_Hook->do_action(Array)
#3 /app/public/wp-includes/class-wp-query.php(1634): do_action_ref_array('pre_get_posts', Array)
#4 /app/public/wp-includes/class-wp-query.php(3230): WP_Query->get_posts()
#5 /app/public/wp-includes/class-wp.php(599): WP_Query->query(Array)
#6 /app/public/wp-includes/class-wp.php(715): WP->query_posts()
#7 /app/public/wp-includes/functions.php(960): WP->main('')
#8 /app/public/wp-blog-header.php(16): wp()
#9 /app/public/index.php(17): require('/app/public/wp-...')
#10 {main}
  thrown in /app/public/wp-content/themes/fictional-university-theme/functions.php on line 20
[03-Sep-2018 13:27:22 UTC] PHP Parse error:  syntax error, unexpected '=', expecting ')' in /app/public/wp-content/themes/fictional-university-theme/page-past-events.php on line 20
[03-Sep-2018 13:35:28 UTC] PHP Fatal error:  Uncaught ArgumentCountError: Too few arguments to function get_query_var(), 0 passed in /app/public/wp-content/themes/fictional-university-theme/page-past-events.php on line 21 and at least 1 expected in /app/public/wp-includes/query.php:26
Stack trace:
#0 /app/public/wp-content/themes/fictional-university-theme/page-past-events.php(21): get_query_var()
#1 /app/public/wp-includes/template-loader.php(74): include('/app/public/wp-...')
#2 /app/public/wp-blog-header.php(19): require_once('/app/public/wp-...')
#3 /app/public/index.php(17): require('/app/public/wp-...')
#4 {main}
  thrown in /app/public/wp-includes/query.php on line 26
[03-Sep-2018 13:36:49 UTC] PHP Parse error:  syntax error, unexpected '',' (T_CONSTANT_ENCAPSED_STRING), expecting ')' in /app/public/wp-content/themes/fictional-university-theme/page-past-events.php on line 27
[03-Sep-2018 14:04:23 UTC] PHP Parse error:  syntax error, unexpected '}', expecting ',' or ';' in /app/public/wp-content/themes/fictional-university-theme/functions.php on line 22
[03-Sep-2018 14:04:28 UTC] PHP Parse error:  syntax error, unexpected '}', expecting ',' or ';' in /app/public/wp-content/themes/fictional-university-theme/functions.php on line 22
[03-Sep-2018 14:27:03 UTC] PHP Parse error:  syntax error, unexpected 'headline' (T_STRING), expecting ',' or ';' in /app/public/wp-content/themes/fictional-university-theme/single-event.php on line 34
[03-Sep-2018 14:27:19 UTC] PHP Parse error:  syntax error, unexpected 'headline' (T_STRING), expecting ',' or ';' in /app/public/wp-content/themes/fictional-university-theme/single-event.php on line 35
[03-Sep-2018 14:28:06 UTC] PHP Warning:  Invalid argument supplied for foreach() in /app/public/wp-content/themes/fictional-university-theme/single-event.php on line 38
[03-Sep-2018 14:28:36 UTC] PHP Warning:  Invalid argument supplied for foreach() in /app/public/wp-content/themes/fictional-university-theme/single-event.php on line 37
[03-Sep-2018 14:40:15 UTC] PHP Parse error:  syntax error, unexpected 'get_the_title' (T_STRING), expecting ',' or ';' in /app/public/wp-content/themes/fictional-university-theme/single-program.php on line 54
[03-Sep-2018 14:42:47 UTC] PHP Parse error:  syntax error, unexpected ')' in /app/public/wp-content/themes/fictional-university-theme/single-program.php on line 77
[03-Sep-2018 15:19:10 UTC] PHP Fatal error:  Uncaught Error: Call to undefined function ap_reset_postdata() in /app/public/wp-content/themes/fictional-university-theme/single-program.php:54
Stack trace:
#0 /app/public/wp-includes/template-loader.php(74): include()
#1 /app/public/wp-blog-header.php(19): require_once('/app/public/wp-...')
#2 /app/public/index.php(17): require('/app/public/wp-...')
#3 {main}
  thrown in /app/public/wp-content/themes/fictional-university-theme/single-program.php on line 54
[03-Sep-2018 16:13:39 UTC] PHP Fatal error:  Uncaught Error: Call to undefined function pageBanner() in /app/public/wp-content/themes/fictional-university-theme/single-professor.php:9
Stack trace:
#0 /app/public/wp-includes/template-loader.php(74): include()
#1 /app/public/wp-blog-header.php(19): require_once('/app/public/wp-...')
#2 /app/public/index.php(17): require('/app/public/wp-...')
#3 {main}
  thrown in /app/public/wp-content/themes/fictional-university-theme/single-professor.php on line 9
[03-Sep-2018 16:14:04 UTC] PHP Fatal error:  Uncaught Error: Call to undefined function pageBanner() in /app/public/wp-content/themes/fictional-university-theme/single-professor.php:9
Stack trace:
#0 /app/public/wp-includes/template-loader.php(74): include()
#1 /app/public/wp-blog-header.php(19): require_once('/app/public/wp-...')
#2 /app/public/index.php(17): require('/app/public/wp-...')
#3 {main}
  thrown in /app/public/wp-content/themes/fictional-university-theme/single-professor.php on line 9
[03-Sep-2018 16:31:00 UTC] PHP Fatal error:  Uncaught ArgumentCountError: Too few arguments to function pageBanner(), 0 passed in /app/public/wp-content/themes/fictional-university-theme/page.php on line 7 and exactly 1 expected in /app/public/wp-content/themes/fictional-university-theme/functions.php:3
Stack trace:
#0 /app/public/wp-content/themes/fictional-university-theme/page.php(7): pageBanner()
#1 /app/public/wp-includes/template-loader.php(74): include('/app/public/wp-...')
#2 /app/public/wp-blog-header.php(19): require_once('/app/public/wp-...')
#3 /app/public/index.php(17): require('/app/public/wp-...')
#4 {main}
  thrown in /app/public/wp-content/themes/fictional-university-theme/functions.php on line 3
[03-Sep-2018 16:34:13 UTC] PHP Parse error:  syntax error, unexpected '=', expecting ')' in /app/public/wp-content/themes/fictional-university-theme/archive-event.php on line 4
[03-Sep-2018 21:26:12 UTC] PHP Parse error:  syntax error, unexpected '}', expecting ',' or ';' in /app/public/wp-content/themes/fictional-university-theme/single-program.php on line 93
[03-Sep-2018 21:26:27 UTC] PHP Parse error:  syntax error, unexpected '}', expecting ',' or ';' in /app/public/wp-content/themes/fictional-university-theme/single-program.php on line 93
[03-Sep-2018 21:26:30 UTC] PHP Parse error:  syntax error, unexpected '}', expecting ',' or ';' in /app/public/wp-content/themes/fictional-university-theme/single-program.php on line 93
[03-Sep-2018 21:26:59 UTC] PHP Parse error:  syntax error, unexpected '}', expecting ',' or ';' in /app/public/wp-content/themes/fictional-university-theme/single-program.php on line 93
[03-Sep-2018 21:31:48 UTC] PHP Parse error:  syntax error, unexpected 'foreach' (T_FOREACH), expecting ',' or ';' in /app/public/wp-content/themes/fictional-university-theme/single-program.php on line 94
[06-Sep-2018 17:19:04 UTC] PHP Fatal error:  Uncaught Error: Call to undefined function het_theme_file_path() in /app/public/wp-content/themes/fictional-university-theme/functions.php:3
Stack trace:
#0 /app/public/wp-settings.php(426): include()
#1 /app/public/wp-config.php(76): require_once('/app/public/wp-...')
#2 /app/public/wp-load.php(37): require_once('/app/public/wp-...')
#3 /app/public/wp-blog-header.php(13): require_once('/app/public/wp-...')
#4 /app/public/index.php(17): require('/app/public/wp-...')
#5 {main}
  thrown in /app/public/wp-content/themes/fictional-university-theme/functions.php on line 3
[06-Sep-2018 17:27:08 UTC] PHP Parse error:  syntax error, unexpected 'methods' (T_STRING), expecting ',' or ')' in /app/public/wp-content/themes/fictional-university-theme/inc/search-route.php on line 7
[06-Sep-2018 17:27:35 UTC] PHP Parse error:  syntax error, unexpected 'methods' (T_STRING), expecting ',' or ')' in /app/public/wp-content/themes/fictional-university-theme/inc/search-route.php on line 7
[06-Sep-2018 17:27:35 UTC] PHP Parse error:  syntax error, unexpected 'methods' (T_STRING), expecting ',' or ')' in /app/public/wp-content/themes/fictional-university-theme/inc/search-route.php on line 7
[06-Sep-2018 17:27:36 UTC] PHP Parse error:  syntax error, unexpected 'methods' (T_STRING), expecting ',' or ')' in /app/public/wp-content/themes/fictional-university-theme/inc/search-route.php on line 7
[06-Sep-2018 17:28:11 UTC] PHP Parse error:  syntax error, unexpected '');' (T_CONSTANT_ENCAPSED_STRING), expecting ',' or ')' in /app/public/wp-content/themes/fictional-university-theme/inc/search-route.php on line 13
[06-Sep-2018 21:08:39 UTC] PHP Fatal error:  Uncaught Error: Call to undefined function get_the_post_thumbnial_url() in /app/public/wp-content/themes/fictional-university-theme/inc/search-route.php:40
Stack trace:
#0 /app/public/wp-includes/rest-api/class-wp-rest-server.php(936): universitySearchResults(Object(WP_REST_Request))
#1 /app/public/wp-includes/rest-api/class-wp-rest-server.php(321): WP_REST_Server->dispatch(Object(WP_REST_Request))
#2 /app/public/wp-includes/rest-api.php(266): WP_REST_Server->serve_request('/university/v1/...')
#3 /app/public/wp-includes/class-wp-hook.php(286): rest_api_loaded(Object(WP))
#4 /app/public/wp-includes/class-wp-hook.php(310): WP_Hook->apply_filters('', Array)
#5 /app/public/wp-includes/plugin.php(515): WP_Hook->do_action(Array)
#6 /app/public/wp-includes/class-wp.php(373): do_action_ref_array('parse_request', Array)
#7 /app/public/wp-includes/class-wp.php(713): WP->parse_request('')
#8 /app/public/wp-includes/functions.php(960): WP->main('')
#9 /app/public/wp-blog-header.php(16): wp()
#10 /app/public/index.php(17 in /app/public/wp-content/themes/fictional-university-theme/inc/search-route.php on line 40
[06-Sep-2018 21:09:16 UTC] PHP Fatal error:  Uncaught Error: Call to undefined function get_the_post_thumbnial_url() in /app/public/wp-content/themes/fictional-university-theme/inc/search-route.php:40
Stack trace:
#0 /app/public/wp-includes/rest-api/class-wp-rest-server.php(936): universitySearchResults(Object(WP_REST_Request))
#1 /app/public/wp-includes/rest-api/class-wp-rest-server.php(321): WP_REST_Server->dispatch(Object(WP_REST_Request))
#2 /app/public/wp-includes/rest-api.php(266): WP_REST_Server->serve_request('/university/v1/...')
#3 /app/public/wp-includes/class-wp-hook.php(286): rest_api_loaded(Object(WP))
#4 /app/public/wp-includes/class-wp-hook.php(310): WP_Hook->apply_filters('', Array)
#5 /app/public/wp-includes/plugin.php(515): WP_Hook->do_action(Array)
#6 /app/public/wp-includes/class-wp.php(373): do_action_ref_array('parse_request', Array)
#7 /app/public/wp-includes/class-wp.php(713): WP->parse_request('')
#8 /app/public/wp-includes/functions.php(960): WP->main('')
#9 /app/public/wp-blog-header.php(16): wp()
#10 /app/public/index.php(17 in /app/public/wp-content/themes/fictional-university-theme/inc/search-route.php on line 40
[06-Sep-2018 21:09:49 UTC] PHP Fatal error:  Uncaught Error: Call to undefined function get_the_post_thumbnial_url() in /app/public/wp-content/themes/fictional-university-theme/inc/search-route.php:40
Stack trace:
#0 /app/public/wp-includes/rest-api/class-wp-rest-server.php(936): universitySearchResults(Object(WP_REST_Request))
#1 /app/public/wp-includes/rest-api/class-wp-rest-server.php(321): WP_REST_Server->dispatch(Object(WP_REST_Request))
#2 /app/public/wp-includes/rest-api.php(266): WP_REST_Server->serve_request('/university/v1/...')
#3 /app/public/wp-includes/class-wp-hook.php(286): rest_api_loaded(Object(WP))
#4 /app/public/wp-includes/class-wp-hook.php(310): WP_Hook->apply_filters('', Array)
#5 /app/public/wp-includes/plugin.php(515): WP_Hook->do_action(Array)
#6 /app/public/wp-includes/class-wp.php(373): do_action_ref_array('parse_request', Array)
#7 /app/public/wp-includes/class-wp.php(713): WP->parse_request('')
#8 /app/public/wp-includes/functions.php(960): WP->main('')
#9 /app/public/wp-blog-header.php(16): wp()
#10 /app/public/index.php(17 in /app/public/wp-content/themes/fictional-university-theme/inc/search-route.php on line 40
[06-Sep-2018 21:18:31 UTC] PHP Parse error:  syntax error, unexpected ')' in /app/public/wp-content/themes/fictional-university-theme/inc/search-route.php on line 56
[06-Sep-2018 21:23:08 UTC] PHP Parse error:  syntax error, unexpected end of file in /app/public/wp-content/themes/fictional-university-theme/inc/search-route.php on line 75
[07-Sep-2018 14:00:40 UTC] PHP Parse error:  syntax error, unexpected ')' in /app/public/wp-content/themes/fictional-university-theme/inc/search-route.php on line 88
[07-Sep-2018 14:02:36 UTC] PHP Parse error:  syntax error, unexpected ']' in /app/public/wp-content/themes/fictional-university-theme/inc/search-route.php on line 74
[09-Sep-2018 22:31:59 UTC] PHP Parse error:  syntax error, unexpected '=', expecting identifier (T_STRING) in /app/public/wp-content/themes/fictional-university-theme/header.php on line 32
[09-Sep-2018 22:32:03 UTC] PHP Parse error:  syntax error, unexpected '=', expecting identifier (T_STRING) in /app/public/wp-content/themes/fictional-university-theme/header.php on line 32
[09-Sep-2018 22:32:15 UTC] PHP Parse error:  syntax error, unexpected 'search' (T_STRING) in /app/public/wp-content/themes/fictional-university-theme/header.php on line 32
[09-Sep-2018 22:42:50 UTC] PHP Parse error:  syntax error, unexpected ';', expecting ')' in /app/public/wp-content/themes/fictional-university-theme/search.php on line 5
[09-Sep-2018 23:35:40 UTC] PHP Parse error:  syntax error, unexpected ';', expecting ')' in /app/public/wp-content/mu-plugins/university-post-types.php on line 22
[09-Sep-2018 23:35:42 UTC] PHP Parse error:  syntax error, unexpected ';', expecting ')' in /app/public/wp-content/mu-plugins/university-post-types.php on line 22
[10-Sep-2018 00:01:26 UTC] PHP Fatal error:  Uncaught Error: Call to undefined function get_avitar() in /app/public/wp-content/themes/fictional-university-theme/header.php:32
Stack trace:
#0 /app/public/wp-includes/template.php(688): require_once()
#1 /app/public/wp-includes/template.php(647): load_template('/app/public/wp-...', true)
#2 /app/public/wp-includes/general-template.php(41): locate_template(Array, true)
#3 /app/public/wp-content/themes/fictional-university-theme/archive-event.php(2): get_header()
#4 /app/public/wp-includes/template-loader.php(74): include('/app/public/wp-...')
#5 /app/public/wp-blog-header.php(19): require_once('/app/public/wp-...')
#6 /app/public/index.php(17): require('/app/public/wp-...')
#7 {main}
  thrown in /app/public/wp-content/themes/fictional-university-theme/header.php on line 32
[10-Sep-2018 00:01:28 UTC] PHP Fatal error:  Uncaught Error: Call to undefined function get_avitar() in /app/public/wp-content/themes/fictional-university-theme/header.php:32
Stack trace:
#0 /app/public/wp-includes/template.php(688): require_once()
#1 /app/public/wp-includes/template.php(647): load_template('/app/public/wp-...', true)
#2 /app/public/wp-includes/general-template.php(41): locate_template(Array, true)
#3 /app/public/wp-content/themes/fictional-university-theme/front-page.php(1): get_header()
#4 /app/public/wp-includes/template-loader.php(74): include('/app/public/wp-...')
#5 /app/public/wp-blog-header.php(19): require_once('/app/public/wp-...')
#6 /app/public/index.php(17): require('/app/public/wp-...')
#7 {main}
  thrown in /app/public/wp-content/themes/fictional-university-theme/header.php on line 32
[10-Sep-2018 00:01:32 UTC] PHP Fatal error:  Uncaught Error: Call to undefined function get_avitar() in /app/public/wp-content/themes/fictional-university-theme/header.php:32
Stack trace:
#0 /app/public/wp-includes/template.php(688): require_once()
#1 /app/public/wp-includes/template.php(647): load_template('/app/public/wp-...', true)
#2 /app/public/wp-includes/general-template.php(41): locate_template(Array, true)
#3 /app/public/wp-content/themes/fictional-university-theme/front-page.php(1): get_header()
#4 /app/public/wp-includes/template-loader.php(74): include('/app/public/wp-...')
#5 /app/public/wp-blog-header.php(19): require_once('/app/public/wp-...')
#6 /app/public/index.php(17): require('/app/public/wp-...')
#7 {main}
  thrown in /app/public/wp-content/themes/fictional-university-theme/header.php on line 32
[10-Sep-2018 00:01:39 UTC] PHP Fatal error:  Uncaught Error: Call to undefined function get_avitar() in /app/public/wp-content/themes/fictional-university-theme/header.php:32
Stack trace:
#0 /app/public/wp-includes/template.php(688): require_once()
#1 /app/public/wp-includes/template.php(647): load_template('/app/public/wp-...', true)
#2 /app/public/wp-includes/general-template.php(41): locate_template(Array, true)
#3 /app/public/wp-content/themes/fictional-university-theme/front-page.php(1): get_header()
#4 /app/public/wp-includes/template-loader.php(74): include('/app/public/wp-...')
#5 /app/public/wp-blog-header.php(19): require_once('/app/public/wp-...')
#6 /app/public/index.php(17): require('/app/public/wp-...')
#7 {main}
  thrown in /app/public/wp-content/themes/fictional-university-theme/header.php on line 32
[10-Sep-2018 00:03:48 UTC] PHP Fatal error:  Uncaught Error: Call to undefined function get_avitar() in /app/public/wp-content/themes/fictional-university-theme/header.php:25
Stack trace:
#0 /app/public/wp-includes/template.php(688): require_once()
#1 /app/public/wp-includes/template.php(647): load_template('/app/public/wp-...', true)
#2 /app/public/wp-includes/general-template.php(41): locate_template(Array, true)
#3 /app/public/wp-content/themes/fictional-university-theme/archive-event.php(2): get_header()
#4 /app/public/wp-includes/template-loader.php(74): include('/app/public/wp-...')
#5 /app/public/wp-blog-header.php(19): require_once('/app/public/wp-...')
#6 /app/public/index.php(17): require('/app/public/wp-...')
#7 {main}
  thrown in /app/public/wp-content/themes/fictional-university-theme/header.php on line 25
[10-Sep-2018 00:03:50 UTC] PHP Fatal error:  Uncaught Error: Call to undefined function get_avitar() in /app/public/wp-content/themes/fictional-university-theme/header.php:25
Stack trace:
#0 /app/public/wp-includes/template.php(688): require_once()
#1 /app/public/wp-includes/template.php(647): load_template('/app/public/wp-...', true)
#2 /app/public/wp-includes/general-template.php(41): locate_template(Array, true)
#3 /app/public/wp-content/themes/fictional-university-theme/front-page.php(1): get_header()
#4 /app/public/wp-includes/template-loader.php(74): include('/app/public/wp-...')
#5 /app/public/wp-blog-header.php(19): require_once('/app/public/wp-...')
#6 /app/public/index.php(17): require('/app/public/wp-...')
#7 {main}
  thrown in /app/public/wp-content/themes/fictional-university-theme/header.php on line 25
[10-Sep-2018 00:04:43 UTC] PHP Fatal error:  Uncaught Error: Call to undefined function get_avitar() in /app/public/wp-content/themes/fictional-university-theme/header.php:25
Stack trace:
#0 /app/public/wp-includes/template.php(688): require_once()
#1 /app/public/wp-includes/template.php(647): load_template('/app/public/wp-...', true)
#2 /app/public/wp-includes/general-template.php(41): locate_template(Array, true)
#3 /app/public/wp-content/themes/fictional-university-theme/front-page.php(1): get_header()
#4 /app/public/wp-includes/template-loader.php(74): include('/app/public/wp-...')
#5 /app/public/wp-blog-header.php(19): require_once('/app/public/wp-...')
#6 /app/public/index.php(17): require('/app/public/wp-...')
#7 {main}
  thrown in /app/public/wp-content/themes/fictional-university-theme/header.php on line 25
[10-Sep-2018 00:04:45 UTC] PHP Fatal error:  Uncaught Error: Call to undefined function get_avitar() in /app/public/wp-content/themes/fictional-university-theme/header.php:25
Stack trace:
#0 /app/public/wp-includes/template.php(688): require_once()
#1 /app/public/wp-includes/template.php(647): load_template('/app/public/wp-...', true)
#2 /app/public/wp-includes/general-template.php(41): locate_template(Array, true)
#3 /app/public/wp-content/themes/fictional-university-theme/front-page.php(1): get_header()
#4 /app/public/wp-includes/template-loader.php(74): include('/app/public/wp-...')
#5 /app/public/wp-blog-header.php(19): require_once('/app/public/wp-...')
#6 /app/public/index.php(17): require('/app/public/wp-...')
#7 {main}
  thrown in /app/public/wp-content/themes/fictional-university-theme/header.php on line 25
[10-Sep-2018 00:06:44 UTC] PHP Fatal error:  Uncaught Error: Call to undefined function get_avitar() in /app/public/wp-content/themes/fictional-university-theme/header.php:25
Stack trace:
#0 /app/public/wp-includes/template.php(688): require_once()
#1 /app/public/wp-includes/template.php(647): load_template('/app/public/wp-...', true)
#2 /app/public/wp-includes/general-template.php(41): locate_template(Array, true)
#3 /app/public/wp-content/themes/fictional-university-theme/front-page.php(1): get_header()
#4 /app/public/wp-includes/template-loader.php(74): include('/app/public/wp-...')
#5 /app/public/wp-blog-header.php(19): require_once('/app/public/wp-...')
#6 /app/public/index.php(17): require('/app/public/wp-...')
#7 {main}
  thrown in /app/public/wp-content/themes/fictional-university-theme/header.php on line 25
[10-Sep-2018 00:07:17 UTC] PHP Fatal error:  Uncaught Error: Call to undefined function get_avitar() in /app/public/wp-content/themes/fictional-university-theme/header.php:25
Stack trace:
#0 /app/public/wp-includes/template.php(688): require_once()
#1 /app/public/wp-includes/template.php(647): load_template('/app/public/wp-...', true)
#2 /app/public/wp-includes/general-template.php(41): locate_template(Array, true)
#3 /app/public/wp-content/themes/fictional-university-theme/front-page.php(1): get_header()
#4 /app/public/wp-includes/template-loader.php(74): include('/app/public/wp-...')
#5 /app/public/wp-blog-header.php(19): require_once('/app/public/wp-...')
#6 /app/public/index.php(17): require('/app/public/wp-...')
#7 {main}
  thrown in /app/public/wp-content/themes/fictional-university-theme/header.php on line 25
[10-Sep-2018 00:11:24 UTC] PHP Warning:  call_user_func_array() expects parameter 1 to be a valid callback, function 'redirectSubsToFrontEnd' not found or invalid function name in /app/public/wp-includes/class-wp-hook.php on line 286
[10-Sep-2018 00:13:04 UTC] PHP Warning:  call_user_func_array() expects parameter 1 to be a valid callback, function 'redirectSubsToFrontEnd' not found or invalid function name in /app/public/wp-includes/class-wp-hook.php on line 286
[10-Sep-2018 00:13:24 UTC] PHP Warning:  call_user_func_array() expects parameter 1 to be a valid callback, function 'redirectSubsToFrontEnd' not found or invalid function name in /app/public/wp-includes/class-wp-hook.php on line 286
[10-Sep-2018 00:13:50 UTC] PHP Parse error:  syntax error, unexpected 'redirectSubsToFrontEnd' (T_STRING) in /app/public/wp-content/themes/fictional-university-theme/functions.php on line 101
[10-Sep-2018 00:15:00 UTC] PHP Parse error:  syntax error, unexpected 'redirectSubsToFrontEnd' (T_STRING) in /app/public/wp-content/themes/fictional-university-theme/functions.php on line 101
[10-Sep-2018 00:19:05 UTC] PHP Parse error:  syntax error, unexpected end of file in /app/public/wp-content/themes/fictional-university-theme/functions.php on line 116
[10-Sep-2018 00:48:53 UTC] PHP Fatal error:  Uncaught Error: Call to undefined function get_current_user_is() in /app/public/wp-content/themes/fictional-university-theme/page-my-notes.php:21
Stack trace:
#0 /app/public/wp-includes/template-loader.php(74): include()
#1 /app/public/wp-blog-header.php(19): require_once('/app/public/wp-...')
#2 /app/public/index.php(17): require('/app/public/wp-...')
#3 {main}
  thrown in /app/public/wp-content/themes/fictional-university-theme/page-my-notes.php on line 21
[10-Sep-2018 00:52:15 UTC] PHP Parse error:  syntax error, unexpected 'esc_attr' (T_STRING) in /app/public/wp-content/themes/fictional-university-theme/page-my-notes.php on line 28
[11-Sep-2018 16:10:17 UTC] PHP Parse error:  syntax error, unexpected '=', expecting ']' in /app/public/wp-content/themes/fictional-university-theme/functions.php on line 147
[11-Sep-2018 16:10:43 UTC] PHP Parse error:  syntax error, unexpected 'return' (T_RETURN) in /app/public/wp-content/themes/fictional-university-theme/functions.php on line 149
[12-Sep-2018 17:35:13 UTC] PHP Fatal error:  Uncaught ArgumentCountError: Too few arguments to function makeNotePrivate(), 1 passed in /app/public/wp-includes/class-wp-hook.php on line 288 and exactly 2 expected in /app/public/wp-content/themes/fictional-university-theme/functions.php:146
Stack trace:
#0 /app/public/wp-includes/class-wp-hook.php(288): makeNotePrivate(Array)
#1 /app/public/wp-includes/plugin.php(203): WP_Hook->apply_filters(Array, Array)
#2 /app/public/wp-includes/post.php(3449): apply_filters('wp_insert_post_...', Array, Array)
#3 /app/public/wp-includes/rest-api/endpoints/class-wp-rest-posts-controller.php(530): wp_insert_post(Array, true)
#4 /app/public/wp-includes/rest-api/class-wp-rest-server.php(936): WP_REST_Posts_Controller->create_item(Object(WP_REST_Request))
#5 /app/public/wp-includes/rest-api/class-wp-rest-server.php(321): WP_REST_Server->dispatch(Object(WP_REST_Request))
#6 /app/public/wp-includes/rest-api.php(266): WP_REST_Server->serve_request('/wp/v2/note')
#7 /app/public/wp-includes/class-wp-hook.php(286): rest_api_loade in /app/public/wp-content/themes/fictional-university-theme/functions.php on line 146
[12-Sep-2018 17:35:16 UTC] PHP Fatal error:  Uncaught ArgumentCountError: Too few arguments to function makeNotePrivate(), 1 passed in /app/public/wp-includes/class-wp-hook.php on line 288 and exactly 2 expected in /app/public/wp-content/themes/fictional-university-theme/functions.php:146
Stack trace:
#0 /app/public/wp-includes/class-wp-hook.php(288): makeNotePrivate(Array)
#1 /app/public/wp-includes/plugin.php(203): WP_Hook->apply_filters(Array, Array)
#2 /app/public/wp-includes/post.php(3449): apply_filters('wp_insert_post_...', Array, Array)
#3 /app/public/wp-includes/post.php(3746): wp_insert_post(Array, false)
#4 /app/public/wp-includes/post.php(2758): wp_update_post(Array)
#5 /app/public/wp-includes/rest-api/endpoints/class-wp-rest-posts-controller.php(819): wp_trash_post(127)
#6 /app/public/wp-includes/rest-api/class-wp-rest-server.php(936): WP_REST_Posts_Controller->delete_item(Object(WP_REST_Request))
#7 /app/public/wp-includes/rest-api/class-wp-rest-server.php(321): WP_REST_Server->dispatch(Object(WP_REST_Request))
#8 /app/public/wp-includes/r in /app/public/wp-content/themes/fictional-university-theme/functions.php on line 146
[12-Sep-2018 18:46:03 UTC] PHP Fatal error:  Uncaught Error: Call to undefined function wp_instert_post() in /app/public/wp-content/themes/fictional-university-theme/inc/like-route.php:17
Stack trace:
#0 /app/public/wp-includes/rest-api/class-wp-rest-server.php(936): createLike(Object(WP_REST_Request))
#1 /app/public/wp-includes/rest-api/class-wp-rest-server.php(321): WP_REST_Server->dispatch(Object(WP_REST_Request))
#2 /app/public/wp-includes/rest-api.php(266): WP_REST_Server->serve_request('/university/v1/...')
#3 /app/public/wp-includes/class-wp-hook.php(286): rest_api_loaded(Object(WP))
#4 /app/public/wp-includes/class-wp-hook.php(310): WP_Hook->apply_filters('', Array)
#5 /app/public/wp-includes/plugin.php(515): WP_Hook->do_action(Array)
#6 /app/public/wp-includes/class-wp.php(373): do_action_ref_array('parse_request', Array)
#7 /app/public/wp-includes/class-wp.php(713): WP->parse_request('')
#8 /app/public/wp-includes/functions.php(960): WP->main('')
#9 /app/public/wp-blog-header.php(16): wp()
#10 /app/public/index.php(17): require('/app/public/wp in /app/public/wp-content/themes/fictional-university-theme/inc/like-route.php on line 17
[12-Sep-2018 18:57:50 UTC] PHP Fatal error:  Uncaught Error: Call to undefined function sanitize_text_fild() in /app/public/wp-content/themes/fictional-university-theme/inc/like-route.php:17
Stack trace:
#0 /app/public/wp-includes/rest-api/class-wp-rest-server.php(936): createLike(Object(WP_REST_Request))
#1 /app/public/wp-includes/rest-api/class-wp-rest-server.php(321): WP_REST_Server->dispatch(Object(WP_REST_Request))
#2 /app/public/wp-includes/rest-api.php(266): WP_REST_Server->serve_request('/university/v1/...')
#3 /app/public/wp-includes/class-wp-hook.php(286): rest_api_loaded(Object(WP))
#4 /app/public/wp-includes/class-wp-hook.php(310): WP_Hook->apply_filters('', Array)
#5 /app/public/wp-includes/plugin.php(515): WP_Hook->do_action(Array)
#6 /app/public/wp-includes/class-wp.php(373): do_action_ref_array('parse_request', Array)
#7 /app/public/wp-includes/class-wp.php(713): WP->parse_request('')
#8 /app/public/wp-includes/functions.php(960): WP->main('')
#9 /app/public/wp-blog-header.php(16): wp()
#10 /app/public/index.php(17): require('/app/public in /app/public/wp-content/themes/fictional-university-theme/inc/like-route.php on line 17
[12-Sep-2018 18:59:00 UTC] PHP Fatal error:  Uncaught Error: Call to undefined function sanitize_text_fild() in /app/public/wp-content/themes/fictional-university-theme/inc/like-route.php:17
Stack trace:
#0 /app/public/wp-includes/rest-api/class-wp-rest-server.php(936): createLike(Object(WP_REST_Request))
#1 /app/public/wp-includes/rest-api/class-wp-rest-server.php(321): WP_REST_Server->dispatch(Object(WP_REST_Request))
#2 /app/public/wp-includes/rest-api.php(266): WP_REST_Server->serve_request('/university/v1/...')
#3 /app/public/wp-includes/class-wp-hook.php(286): rest_api_loaded(Object(WP))
#4 /app/public/wp-includes/class-wp-hook.php(310): WP_Hook->apply_filters('', Array)
#5 /app/public/wp-includes/plugin.php(515): WP_Hook->do_action(Array)
#6 /app/public/wp-includes/class-wp.php(373): do_action_ref_array('parse_request', Array)
#7 /app/public/wp-includes/class-wp.php(713): WP->parse_request('')
#8 /app/public/wp-includes/functions.php(960): WP->main('')
#9 /app/public/wp-blog-header.php(16): wp()
#10 /app/public/index.php(17): require('/app/public in /app/public/wp-content/themes/fictional-university-theme/inc/like-route.php on line 17
[12-Sep-2018 19:43:26 UTC] PHP Parse error:  syntax error, unexpected ''Congrats like deleted'' (T_CONSTANT_ENCAPSED_STRING) in /app/public/wp-content/themes/fictional-university-theme/inc/like-route.php on line 51
