[30-Aug-2018 18:04:05] NOTICE: fpm is running, pid 16
[30-Aug-2018 18:04:05] NOTICE: ready to handle connections
[30-Aug-2018 18:07:13] NOTICE: Terminating ...
[30-Aug-2018 18:07:13] NOTICE: exiting, bye-bye!
[30-Aug-2018 18:07:37] NOTICE: fpm is running, pid 51
[30-Aug-2018 18:07:37] NOTICE: ready to handle connections
[04-Sep-2018 02:06:33] NOTICE: Terminating ...
[04-Sep-2018 02:06:33] NOTICE: exiting, bye-bye!
[04-Sep-2018 21:59:56] NOTICE: fpm is running, pid 57
[04-Sep-2018 21:59:56] NOTICE: ready to handle connections
[04-Sep-2018 22:00:21] NOTICE: Terminating ...
[04-Sep-2018 22:00:21] NOTICE: exiting, bye-bye!
[04-Sep-2018 22:01:40] NOTICE: fpm is running, pid 51
[04-Sep-2018 22:01:40] NOTICE: ready to handle connections
[06-Sep-2018 14:05:21] NOTICE: fpm is running, pid 34
[06-Sep-2018 14:05:21] NOTICE: ready to handle connections
[07-Sep-2018 17:44:34] NOTICE: Terminating ...
[07-Sep-2018 17:44:34] NOTICE: exiting, bye-bye!
[09-Sep-2018 22:21:23] NOTICE: fpm is running, pid 34
[09-Sep-2018 22:21:23] NOTICE: ready to handle connections
[11-Sep-2018 02:47:17] NOTICE: Terminating ...
[11-Sep-2018 02:47:17] NOTICE: exiting, bye-bye!
[11-Sep-2018 14:15:18] NOTICE: fpm is running, pid 35
[11-Sep-2018 14:15:18] NOTICE: ready to handle connections
[12-Sep-2018 19:59:15] NOTICE: Terminating ...
[12-Sep-2018 19:59:15] NOTICE: exiting, bye-bye!
[12-Sep-2018 20:03:50] NOTICE: fpm is running, pid 35
[12-Sep-2018 20:03:50] NOTICE: ready to handle connections
